0	2017-10-04 12:41:51 +0000	[1mGermline_variant_calling[22m	[32mINFO[0m	The Main workflow log is registered in  :  output/Logs
0	2017-10-04 12:41:51 +0000	[1mGermline_variant_calling[22m	[32mINFO[0m	The finished status of each steps is registered in :  output/FinishedSteps
0	2017-10-04 12:41:51 +0000	[1mGermline_variant_calling[22m	[32mINFO[0m	rbflow Version : dev version 0.9.0
0	2017-10-04 12:41:51 +0000	[1mGermline_variant_calling[22m	[32mINFO[0m	Creating the Workflow : [Germline_variant_calling]
0	2017-10-04 12:41:51 +0000	[1mGermline_variant_calling[22m	[32mINFO[0m	Create new Step : [GATK_HaplotypeCaller_loop] using [GATK_HaplotypeCaller] Tool Module
0	2017-10-04 12:41:51 +0000	[1mGermline_variant_calling[22m	[32mINFO[0m	Init Rake Step  : [GATK_HaplotypeCaller_loop] with [GATK_HaplotypeCaller] Tool Module
0	2017-10-04 12:41:51 +0000	[1mGermline_variant_calling[22m	[32mINFO[0m	Write Rake Step : [GATK_HaplotypeCaller_loop] in [Germline_variant_calling_task_GATK_HaplotypeCaller_loop.rb]
0	2017-10-04 12:41:51 +0000	[1mGermline_variant_calling[22m	[32mINFO[0m	Create new Step : [GATK_GenotypeGVCFs_merge] using [GATK_GenotypeGVCFs] Tool Module
0	2017-10-04 12:41:51 +0000	[1mGermline_variant_calling[22m	[32mINFO[0m	Init Rake Step  : [GATK_GenotypeGVCFs_merge] with [GATK_GenotypeGVCFs] Tool Module
0	2017-10-04 12:41:51 +0000	[1mGermline_variant_calling[22m	[32mINFO[0m	  - dependent from : GATK_HaplotypeCaller_loop
0	2017-10-04 12:41:51 +0000	[1mGermline_variant_calling[22m	[32mINFO[0m	Write Rake Step : [GATK_GenotypeGVCFs_merge] in [Germline_variant_calling_task_GATK_GenotypeGVCFs_merge.rb]
0	2017-10-04 12:41:51 +0000	[1mGermline_variant_calling[22m	[32mINFO[0m	Create new Step : [GATK_VariantRecalibratorApplied_INDEL] using [GATK_VariantRecalibratorApplied] Tool Module
0	2017-10-04 12:41:51 +0000	[1mGermline_variant_calling[22m	[32mINFO[0m	Init Rake Step  : [GATK_VariantRecalibratorApplied_INDEL] with [GATK_VariantRecalibratorApplied] Tool Module
0	2017-10-04 12:41:51 +0000	[1mGermline_variant_calling[22m	[32mINFO[0m	  - dependent from : GATK_GenotypeGVCFs_merge
0	2017-10-04 12:41:51 +0000	[1mGermline_variant_calling[22m	[32mINFO[0m	Write Rake Step : [GATK_VariantRecalibratorApplied_INDEL] in [Germline_variant_calling_task_GATK_VariantRecalibratorApplied_INDEL.rb]
0	2017-10-04 12:41:51 +0000	[1mGermline_variant_calling[22m	[32mINFO[0m	Create new Step : [GATK_VariantRecalibratorApplied_SNPs] using [GATK_VariantRecalibratorApplied] Tool Module
0	2017-10-04 12:41:51 +0000	[1mGermline_variant_calling[22m	[32mINFO[0m	Init Rake Step  : [GATK_VariantRecalibratorApplied_SNPs] with [GATK_VariantRecalibratorApplied] Tool Module
0	2017-10-04 12:41:51 +0000	[1mGermline_variant_calling[22m	[32mINFO[0m	  - dependent from : GATK_GenotypeGVCFs_merge
0	2017-10-04 12:41:51 +0000	[1mGermline_variant_calling[22m	[32mINFO[0m	Write Rake Step : [GATK_VariantRecalibratorApplied_SNPs] in [Germline_variant_calling_task_GATK_VariantRecalibratorApplied_SNPs.rb]
0	2017-10-04 12:41:51 +0000	[1mGermline_variant_calling[22m	[32mINFO[0m	Workflow Finalisation : Dependence tree built to get result(s) for step(s) : 
0	2017-10-04 12:41:51 +0000	[1mGermline_variant_calling[22m	[32mINFO[0m	  - final steps id: GATK_VariantRecalibratorApplied_INDEL
0	2017-10-04 12:41:51 +0000	[1mGermline_variant_calling[22m	[32mINFO[0m	  - final steps id: GATK_VariantRecalibratorApplied_SNPs
0	2017-10-04 12:41:51 +0000	[1mGermline_variant_calling[22m	[32mINFO[0m	Init Rake Step  : [default_dynamic] with [DefaultTask] Tool Module
0	2017-10-04 12:41:51 +0000	[1mGermline_variant_calling[22m	[32mINFO[0m	  - dependent from : GATK_VariantRecalibratorApplied_INDEL
0	2017-10-04 12:41:51 +0000	[1mGermline_variant_calling[22m	[32mINFO[0m	  - dependent from : GATK_VariantRecalibratorApplied_SNPs
0	2017-10-04 12:41:51 +0000	[1mGermline_variant_calling[22m	[32mINFO[0m	Write Rake Step : [default_dynamic] in [Germline_variant_calling_default_dynamic.rb]
0	2017-10-04 12:41:51 +0000	[1mGermline_variant_calling[22m	[32mINFO[0m	Init Rake Step  : [default] with [DefaultTaskStandAlone] Tool Module
0	2017-10-04 12:41:51 +0000	[1mGermline_variant_calling[22m	[32mINFO[0m	  - dependent from : GATK_VariantRecalibratorApplied_INDEL
0	2017-10-04 12:41:51 +0000	[1mGermline_variant_calling[22m	[32mINFO[0m	  - dependent from : GATK_VariantRecalibratorApplied_SNPs
0	2017-10-04 12:41:51 +0000	[1mGermline_variant_calling[22m	[32mINFO[0m	Write Rake Step : [default] in [Germline_variant_calling_default.rb]
0	2017-10-04 12:41:51 +0000	[1mGermline_variant_calling[22m	[32mINFO[0m	Workflow Finalisation : Copy libraries for a standalone usage of the rakefiles : /rbFlow/lib/rbFlow/log.rb
0	2017-10-04 12:41:51 +0000	[1mGermline_variant_calling[22m	[32mINFO[0m	Workflow Finalisation : Copy libraries for a standalone usage of the rakefiles : /rbFlow/lib/rbFlow/files_manager.rb
0	2017-10-04 12:41:51 +0000	[1mGermline_variant_calling[22m	[32mINFO[0m	Workflow Finalisation : Copy libraries for a standalone usage of the rakefiles : /rbFlow/lib/rbFlow/command.rb
0	2017-10-04 12:41:51 +0000	[1mGermline_variant_calling[22m	[32mINFO[0m	-----| Starting the Workflow : [Germline_variant_calling] |-----
0	2017-10-04 12:41:51 +0000	[1mGATK_HaplotypeCaller_loop[22m	[32mINFO[0m	Call Variants from Bam START:  Start|1507120911
0	2017-10-04 12:41:51 +0000	[1mGermline_variant_calling[22m	[32mINFO[0m	 FileManager search for "output/04_gatk_recal/*.bam" => found : 1 file(s)
0	2017-10-04 12:41:51 +0000	[1mGATK_HaplotypeCaller_loop[22m	[32mINFO[0m	 Collect input files 1 file(s) found
0	2017-10-04 12:41:51 +0000	[1mGATK_HaplotypeCaller_loop[22m	[1m[34mEXECUTE[0m[22m	cd /Workflow/; java -Xmx15G -Djava.io.tmpdir=/tmp/output/tmp -jar /Jar/GenomeAnalysisTK.jar -T HaplotypeCaller -nct 8 -R references/human_g1k_v37_decoy.fasta -I output/04_gatk_recal/SAMPLE1_1_FlowCellX_map_sorted_markdup_recalib.bam -o /Workflow//output/11_Haplotypes/SAMPLE1_1_FlowCellX_map_sorted_markdup_recalibhaplotype.vcf --emitRefConfidence GVCF --variant_index_type LINEAR --variant_index_parameter 128000 -L references/hg19_interval_list.bed > /Workflow//output/11_Haplotypes/SAMPLE1_1_FlowCellX_map_sorted_markdup_recalibhaplotype_stdout-04_10_2017-12_41_51.log 2> /Workflow//output/11_Haplotypes/SAMPLE1_1_FlowCellX_map_sorted_markdup_recalibhaplotype_stderr-04_10_2017-12_41_51.log
10	2017-10-04 12:42:01 +0000	[1mGATK_HaplotypeCaller_loop[22m	[33mWARN[0m	: exit with error level
10	2017-10-04 12:42:01 +0000	[1mGATK_HaplotypeCaller_loop[22m	[34mFINISH[0m	cd /Workflow/; java -Xmx15G -Djava.io.tmpdir=/tmp/output/tmp -jar /Jar/GenomeAnalysisTK.jar -T HaplotypeCaller -nct 8 -R references/human_g1k_v37_decoy.fasta -I output/04_gatk_recal/SAMPLE1_1_FlowCellX_map_sorted_markdup_recalib.bam -o /Workflow//output/11_Haplotypes/SAMPLE1_1_FlowCellX_map_sorted_markdup_recalibhaplotype.vcf --emitRefConfidence GVCF --variant_index_type LINEAR --variant_index_parameter 128000 -L references/hg19_interval_list.bed > /Workflow//output/11_Haplotypes/SAMPLE1_1_FlowCellX_map_sorted_markdup_recalibhaplotype_stdout-04_10_2017-12_41_51.log 2> /Workflow//output/11_Haplotypes/SAMPLE1_1_FlowCellX_map_sorted_markdup_recalibhaplotype_stderr-04_10_2017-12_41_51.log
10	2017-10-04 12:42:01 +0000	[1mGATK_HaplotypeCaller_loop[22m	[32mINFO[0m	Call Variants from Bam END:  Start|1507120911|  End|1507120921|  Execution time|9.798886661| seconds
10	2017-10-04 12:42:01 +0000	[1mGATK_HaplotypeCaller_loop[22m	[31mERROR[0m	Call Variants from Bam : /Workflow//output/11_Haplotypes/SAMPLE1_1_FlowCellX_map_sorted_markdup_recalibhaplotype.vcf output file not found
10	2017-10-04 12:42:01 +0000	[1mGATK_HaplotypeCaller_loop[22m	[1m[31mFATAL[0m[22m	Call Variants from Bam fail. The Workflow will stop
