0	2017-10-04 12:35:14 +0000	[1mPreprocessing_FastQ_to_BAM[22m	[32mINFO[0m	The Main workflow log is registered in  :  output/Logs
0	2017-10-04 12:35:14 +0000	[1mPreprocessing_FastQ_to_BAM[22m	[32mINFO[0m	The finished status of each steps is registered in :  output/FinishedSteps
0	2017-10-04 12:35:14 +0000	[1mPreprocessing_FastQ_to_BAM[22m	[32mINFO[0m	rbflow Version : dev version 0.9.0
0	2017-10-04 12:35:14 +0000	[1mPreprocessing_FastQ_to_BAM[22m	[32mINFO[0m	Creating the Workflow : [Preprocessing_FastQ_to_BAM]
0	2017-10-04 12:35:14 +0000	[1mPreprocessing_FastQ_to_BAM[22m	[32mINFO[0m	Create new Step : [bwa_mem_loop] using [BWA_MEM_CSV] Tool Module
0	2017-10-04 12:35:14 +0000	[1mPreprocessing_FastQ_to_BAM[22m	[32mINFO[0m	Init Rake Step  : [bwa_mem_loop] with [BWA_MEM_CSV] Tool Module
0	2017-10-04 12:35:14 +0000	[1mPreprocessing_FastQ_to_BAM[22m	[32mINFO[0m	Write Rake Step : [bwa_mem_loop] in [Preprocessing_FastQ_to_BAM_task_bwa_mem_loop.rb]
0	2017-10-04 12:35:14 +0000	[1mPreprocessing_FastQ_to_BAM[22m	[32mINFO[0m	Create new Step : [Picard_SortMergeSam] using [Picard2MultiInput] Tool Module
0	2017-10-04 12:35:14 +0000	[1mPreprocessing_FastQ_to_BAM[22m	[32mINFO[0m	Init Rake Step  : [Picard_SortMergeSam] with [Picard2MultiInput] Tool Module
0	2017-10-04 12:35:14 +0000	[1mPreprocessing_FastQ_to_BAM[22m	[32mINFO[0m	  - dependent from : bwa_mem_loop
0	2017-10-04 12:35:14 +0000	[1mPreprocessing_FastQ_to_BAM[22m	[32mINFO[0m	Write Rake Step : [Picard_SortMergeSam] in [Preprocessing_FastQ_to_BAM_task_Picard_SortMergeSam.rb]
0	2017-10-04 12:35:14 +0000	[1mPreprocessing_FastQ_to_BAM[22m	[32mINFO[0m	Create new Step : [picard_mark_duplicate] using [Picard2] Tool Module
0	2017-10-04 12:35:14 +0000	[1mPreprocessing_FastQ_to_BAM[22m	[32mINFO[0m	Init Rake Step  : [picard_mark_duplicate] with [Picard2] Tool Module
0	2017-10-04 12:35:14 +0000	[1mPreprocessing_FastQ_to_BAM[22m	[32mINFO[0m	  - dependent from : Picard_SortMergeSam
0	2017-10-04 12:35:14 +0000	[1mPreprocessing_FastQ_to_BAM[22m	[32mINFO[0m	Write Rake Step : [picard_mark_duplicate] in [Preprocessing_FastQ_to_BAM_task_picard_mark_duplicate.rb]
0	2017-10-04 12:35:14 +0000	[1mPreprocessing_FastQ_to_BAM[22m	[32mINFO[0m	Create new Step : [GATK_BaseRecalibrator] using [GATK_BaseRecalibrator_PrintReads] Tool Module
0	2017-10-04 12:35:14 +0000	[1mPreprocessing_FastQ_to_BAM[22m	[32mINFO[0m	Init Rake Step  : [GATK_BaseRecalibrator] with [GATK_BaseRecalibrator_PrintReads] Tool Module
0	2017-10-04 12:35:14 +0000	[1mPreprocessing_FastQ_to_BAM[22m	[32mINFO[0m	  - dependent from : picard_mark_duplicate
0	2017-10-04 12:35:14 +0000	[1mPreprocessing_FastQ_to_BAM[22m	[32mINFO[0m	Write Rake Step : [GATK_BaseRecalibrator] in [Preprocessing_FastQ_to_BAM_task_GATK_BaseRecalibrator.rb]
0	2017-10-04 12:35:14 +0000	[1mPreprocessing_FastQ_to_BAM[22m	[32mINFO[0m	Workflow Finalisation : Dependence tree built to get result(s) for step(s) : 
0	2017-10-04 12:35:14 +0000	[1mPreprocessing_FastQ_to_BAM[22m	[32mINFO[0m	  - final steps id: GATK_BaseRecalibrator
0	2017-10-04 12:35:14 +0000	[1mPreprocessing_FastQ_to_BAM[22m	[32mINFO[0m	Init Rake Step  : [default_dynamic] with [DefaultTask] Tool Module
0	2017-10-04 12:35:14 +0000	[1mPreprocessing_FastQ_to_BAM[22m	[32mINFO[0m	  - dependent from : GATK_BaseRecalibrator
0	2017-10-04 12:35:14 +0000	[1mPreprocessing_FastQ_to_BAM[22m	[32mINFO[0m	Write Rake Step : [default_dynamic] in [Preprocessing_FastQ_to_BAM_default_dynamic.rb]
0	2017-10-04 12:35:14 +0000	[1mPreprocessing_FastQ_to_BAM[22m	[32mINFO[0m	Init Rake Step  : [default] with [DefaultTaskStandAlone] Tool Module
0	2017-10-04 12:35:14 +0000	[1mPreprocessing_FastQ_to_BAM[22m	[32mINFO[0m	  - dependent from : GATK_BaseRecalibrator
0	2017-10-04 12:35:14 +0000	[1mPreprocessing_FastQ_to_BAM[22m	[32mINFO[0m	Write Rake Step : [default] in [Preprocessing_FastQ_to_BAM_default.rb]
0	2017-10-04 12:35:14 +0000	[1mPreprocessing_FastQ_to_BAM[22m	[32mINFO[0m	Workflow Finalisation : Copy libraries for a standalone usage of the rakefiles : /rbFlow/lib/rbFlow/log.rb
0	2017-10-04 12:35:14 +0000	[1mPreprocessing_FastQ_to_BAM[22m	[32mINFO[0m	Workflow Finalisation : Copy libraries for a standalone usage of the rakefiles : /rbFlow/lib/rbFlow/files_manager.rb
0	2017-10-04 12:35:14 +0000	[1mPreprocessing_FastQ_to_BAM[22m	[32mINFO[0m	Workflow Finalisation : Copy libraries for a standalone usage of the rakefiles : /rbFlow/lib/rbFlow/command.rb
0	2017-10-04 12:35:14 +0000	[1mPreprocessing_FastQ_to_BAM[22m	[32mINFO[0m	-----| Starting the Workflow : [Preprocessing_FastQ_to_BAM] |-----
0	2017-10-04 12:35:14 +0000	[1mbwa_mem_loop[22m	[32mINFO[0m	BWA-mem_csv START:  Start|1507120514
0	2017-10-04 12:35:14 +0000	[1mbwa_mem_loop[22m	[1m[34mEXECUTE[0m[22m	bwa mem -t 16 -R "@RG\tID:FlowCellX.1\tSM:SAMPLE1\tLB:libZ\tPL:ILLUMINA\tPU:FlowCellX.1.SAMPLE1" -M references//human_g1k_v37_decoy.fasta /Workflow/input/test_R1.fastq.gz /Workflow/input/test_R2.fastq.gz > output/01_mapping_bwa/SAMPLE1_1_FlowCellX_map.sam 2> output/01_mapping_bwa/SAMPLE1_1_FlowCellX_map_stderr-04_10_2017-12_35_14.log
14	2017-10-04 12:35:28 +0000	[1mbwa_mem_loop[22m	[34mFINISH[0m	bwa mem -t 16 -R "@RG\tID:FlowCellX.1\tSM:SAMPLE1\tLB:libZ\tPL:ILLUMINA\tPU:FlowCellX.1.SAMPLE1" -M references//human_g1k_v37_decoy.fasta /Workflow/input/test_R1.fastq.gz /Workflow/input/test_R2.fastq.gz > output/01_mapping_bwa/SAMPLE1_1_FlowCellX_map.sam 2> output/01_mapping_bwa/SAMPLE1_1_FlowCellX_map_stderr-04_10_2017-12_35_14.log
14	2017-10-04 12:35:28 +0000	[1mbwa_mem_loop[22m	[1m[34mEXECUTE[0m[22m	bwa mem -t 16 -R "@RG\tID:FlowCellX.1\tSM:SAMPLE2\tLB:libZ\tPL:ILLUMINA\tPU:FlowCellX.1.SAMPLE2" -M references//human_g1k_v37_decoy.fasta /Workflow/input/test_R1.fastq.gz /Workflow/input/test_R2.fastq.gz > output/01_mapping_bwa/SAMPLE2_1_FlowCellX_map.sam 2> output/01_mapping_bwa/SAMPLE2_1_FlowCellX_map_stderr-04_10_2017-12_35_28.log
25	2017-10-04 12:35:39 +0000	[1mbwa_mem_loop[22m	[34mFINISH[0m	bwa mem -t 16 -R "@RG\tID:FlowCellX.1\tSM:SAMPLE2\tLB:libZ\tPL:ILLUMINA\tPU:FlowCellX.1.SAMPLE2" -M references//human_g1k_v37_decoy.fasta /Workflow/input/test_R1.fastq.gz /Workflow/input/test_R2.fastq.gz > output/01_mapping_bwa/SAMPLE2_1_FlowCellX_map.sam 2> output/01_mapping_bwa/SAMPLE2_1_FlowCellX_map_stderr-04_10_2017-12_35_28.log
25	2017-10-04 12:35:39 +0000	[1mbwa_mem_loop[22m	[32mINFO[0m	BWA-mem_csv END:  Start|1507120514|  End|1507120539|  Execution time|24.565893401| seconds
25	2017-10-04 12:35:39 +0000	[1mPicard_SortMergeSam[22m	[32mINFO[0m	picard sorting START:  Start|1507120539
25	2017-10-04 12:35:39 +0000	[1mPreprocessing_FastQ_to_BAM[22m	[32mINFO[0m	 FileManager search for "output/01_mapping_bwa/*.sam" => found : 2 file(s)
25	2017-10-04 12:35:39 +0000	[1mPicard_SortMergeSam[22m	[32mINFO[0m	 Collect input files 2 file(s) found
25	2017-10-04 12:35:39 +0000	[1mPicard_SortMergeSam[22m	[32mINFO[0m	 Sample: * 2 files found
25	2017-10-04 12:35:39 +0000	[1mPicard_SortMergeSam[22m	[1m[34mEXECUTE[0m[22m	cd /Workflow/; java -Xmx15G -Djava.io.tmpdir=/tmp/output/tmp -jar /Jar/picard.jar MergeSamFiles INPUT=output/01_mapping_bwa/SAMPLE1_1_FlowCellX_map.sam INPUT=output/01_mapping_bwa/SAMPLE2_1_FlowCellX_map.sam CREATE_INDEX=true USE_THREADING=true MAX_RECORDS_IN_RAM=1000000 SORT_ORDER=coordinate VALIDATION_STRINGENCY=LENIENT OUTPUT=output/02_bamsorted/SAMPLE1_1_FlowCellX_map_sorted.bam > output/02_bamsorted/SAMPLE1_1_FlowCellX_map_sorted_stdout-04_10_2017-12_35_39.log 2> output/02_bamsorted/SAMPLE1_1_FlowCellX_map_sorted_stderr-04_10_2017-12_35_39.log 
27	2017-10-04 12:35:41 +0000	[1mPicard_SortMergeSam[22m	[34mFINISH[0m	cd /Workflow/; java -Xmx15G -Djava.io.tmpdir=/tmp/output/tmp -jar /Jar/picard.jar MergeSamFiles INPUT=output/01_mapping_bwa/SAMPLE1_1_FlowCellX_map.sam INPUT=output/01_mapping_bwa/SAMPLE2_1_FlowCellX_map.sam CREATE_INDEX=true USE_THREADING=true MAX_RECORDS_IN_RAM=1000000 SORT_ORDER=coordinate VALIDATION_STRINGENCY=LENIENT OUTPUT=output/02_bamsorted/SAMPLE1_1_FlowCellX_map_sorted.bam > output/02_bamsorted/SAMPLE1_1_FlowCellX_map_sorted_stdout-04_10_2017-12_35_39.log 2> output/02_bamsorted/SAMPLE1_1_FlowCellX_map_sorted_stderr-04_10_2017-12_35_39.log 
27	2017-10-04 12:35:41 +0000	[1mPicard_SortMergeSam[22m	[32mINFO[0m	picard sorting END:  Start|1507120539|  End|1507120541|  Execution time|2.628573821| seconds
27	2017-10-04 12:35:41 +0000	[1mpicard_mark_duplicate[22m	[32mINFO[0m	picard mark duplicate and merge lanes START:  Start|1507120541
27	2017-10-04 12:35:41 +0000	[1mPreprocessing_FastQ_to_BAM[22m	[32mINFO[0m	 FileManager search for "output/02_bamsorted/*.bam" => found : 1 file(s)
27	2017-10-04 12:35:41 +0000	[1mpicard_mark_duplicate[22m	[32mINFO[0m	 Collect input files 1 file(s) found
27	2017-10-04 12:35:41 +0000	[1mpicard_mark_duplicate[22m	[1m[34mEXECUTE[0m[22m	cd /Workflow/; java -Xmx15G -Djava.io.tmpdir=/tmp/output/tmp -jar /Jar/picard.jar MarkDuplicates INPUT=output/02_bamsorted/SAMPLE1_1_FlowCellX_map_sorted.bam METRICS_FILE=samples.metrics VALIDATION_STRINGENCY=LENIENT CREATE_INDEX=true MAX_FILE_HANDLES_FOR_READ_ENDS_MAP=1000 OUTPUT=output/03_markdup/SAMPLE1_1_FlowCellX_map_sorted_markdup.bam > output/03_markdup/SAMPLE1_1_FlowCellX_map_sorted_markdup_stdout-04_10_2017-12_35_41.log 2> output/03_markdup/SAMPLE1_1_FlowCellX_map_sorted_markdup_stderr-04_10_2017-12_35_41.log 
31	2017-10-04 12:35:45 +0000	[1mpicard_mark_duplicate[22m	[34mFINISH[0m	cd /Workflow/; java -Xmx15G -Djava.io.tmpdir=/tmp/output/tmp -jar /Jar/picard.jar MarkDuplicates INPUT=output/02_bamsorted/SAMPLE1_1_FlowCellX_map_sorted.bam METRICS_FILE=samples.metrics VALIDATION_STRINGENCY=LENIENT CREATE_INDEX=true MAX_FILE_HANDLES_FOR_READ_ENDS_MAP=1000 OUTPUT=output/03_markdup/SAMPLE1_1_FlowCellX_map_sorted_markdup.bam > output/03_markdup/SAMPLE1_1_FlowCellX_map_sorted_markdup_stdout-04_10_2017-12_35_41.log 2> output/03_markdup/SAMPLE1_1_FlowCellX_map_sorted_markdup_stderr-04_10_2017-12_35_41.log 
31	2017-10-04 12:35:45 +0000	[1mpicard_mark_duplicate[22m	[32mINFO[0m	picard mark duplicate and merge lanes END:  Start|1507120541|  End|1507120545|  Execution time|3.658151691| seconds
31	2017-10-04 12:35:45 +0000	[1mGATK_BaseRecalibrator[22m	[32mINFO[0m	GATK Fix Mate Base Recalibration START:  Start|1507120545
31	2017-10-04 12:35:45 +0000	[1mPreprocessing_FastQ_to_BAM[22m	[32mINFO[0m	 FileManager search for "output/03_markdup/*.bam" => found : 1 file(s)
31	2017-10-04 12:35:45 +0000	[1mGATK_BaseRecalibrator[22m	[32mINFO[0m	 Collect input files 1 file(s) found
31	2017-10-04 12:35:45 +0000	[1mGATK_BaseRecalibrator[22m	[1m[34mEXECUTE[0m[22m	cd /Workflow/; java -Xmx15G -Djava.io.tmpdir=/tmp/output/tmp -jar /Jar/GenomeAnalysisTK.jar -T BaseRecalibrator -nct 10 -R references//human_g1k_v37_decoy.fasta -I output/03_markdup/SAMPLE1_1_FlowCellX_map_sorted_markdup.bam -o /Workflow//output/04_gatk_recal/SAMPLE1_1_FlowCellX_map_sorted_markdup_recalib.grp -knownSites references/1000g.vcf -knownSites references/Mills_and_1000G_gold_standard.indels.b37.vcf -knownSites references/dbsnp.vcf -cov ContextCovariate -cov CycleCovariate -L references/hg19_interval_list.bed > /Workflow//output/04_gatk_recal/SAMPLE1_1_FlowCellX_map_sorted_markdup_recal_recalib_stdout-04_10_2017-12_35_45.log 2> /Workflow//output/04_gatk_recal/SAMPLE1_1_FlowCellX_map_sorted_markdup_recal_recalib_stderr-04_10_2017-12_35_45.log
324	2017-10-04 12:40:38 +0000	[1mGATK_BaseRecalibrator[22m	[34mFINISH[0m	cd /Workflow/; java -Xmx15G -Djava.io.tmpdir=/tmp/output/tmp -jar /Jar/GenomeAnalysisTK.jar -T BaseRecalibrator -nct 10 -R references//human_g1k_v37_decoy.fasta -I output/03_markdup/SAMPLE1_1_FlowCellX_map_sorted_markdup.bam -o /Workflow//output/04_gatk_recal/SAMPLE1_1_FlowCellX_map_sorted_markdup_recalib.grp -knownSites references/1000g.vcf -knownSites references/Mills_and_1000G_gold_standard.indels.b37.vcf -knownSites references/dbsnp.vcf -cov ContextCovariate -cov CycleCovariate -L references/hg19_interval_list.bed > /Workflow//output/04_gatk_recal/SAMPLE1_1_FlowCellX_map_sorted_markdup_recal_recalib_stdout-04_10_2017-12_35_45.log 2> /Workflow//output/04_gatk_recal/SAMPLE1_1_FlowCellX_map_sorted_markdup_recal_recalib_stderr-04_10_2017-12_35_45.log
324	2017-10-04 12:40:38 +0000	[1mGATK_BaseRecalibrator[22m	[1m[34mEXECUTE[0m[22m	cd /Workflow/; java -Xmx15G -Djava.io.tmpdir=/tmp/output/tmp -jar /Jar/GenomeAnalysisTK.jar -T PrintReads -nct 10 -R references//human_g1k_v37_decoy.fasta -I output/03_markdup/SAMPLE1_1_FlowCellX_map_sorted_markdup.bam -BQSR /Workflow//output/04_gatk_recal/SAMPLE1_1_FlowCellX_map_sorted_markdup_recalib.grp -o /Workflow//output/04_gatk_recal/SAMPLE1_1_FlowCellX_map_sorted_markdup_recalib.bam -nct > /Workflow//output/04_gatk_recal/SAMPLE1_1_FlowCellX_map_sorted_markdup_printreads_recalib_stdout-04_10_2017-12_40_38.log 2> /Workflow//output/04_gatk_recal/SAMPLE1_1_FlowCellX_map_sorted_markdup_printreads_recalib_stderr-04_10_2017-12_40_38.log
332	2017-10-04 12:40:46 +0000	[1mGATK_BaseRecalibrator[22m	[34mFINISH[0m	cd /Workflow/; java -Xmx15G -Djava.io.tmpdir=/tmp/output/tmp -jar /Jar/GenomeAnalysisTK.jar -T PrintReads -nct 10 -R references//human_g1k_v37_decoy.fasta -I output/03_markdup/SAMPLE1_1_FlowCellX_map_sorted_markdup.bam -BQSR /Workflow//output/04_gatk_recal/SAMPLE1_1_FlowCellX_map_sorted_markdup_recalib.grp -o /Workflow//output/04_gatk_recal/SAMPLE1_1_FlowCellX_map_sorted_markdup_recalib.bam -nct > /Workflow//output/04_gatk_recal/SAMPLE1_1_FlowCellX_map_sorted_markdup_printreads_recalib_stdout-04_10_2017-12_40_38.log 2> /Workflow//output/04_gatk_recal/SAMPLE1_1_FlowCellX_map_sorted_markdup_printreads_recalib_stderr-04_10_2017-12_40_38.log
332	2017-10-04 12:40:46 +0000	[1mGATK_BaseRecalibrator[22m	[32mINFO[0m	GATK Fix Mate Base Recalibration END:  Start|1507120545|  End|1507120846|  Execution time|300.712661172| seconds
332	2017-10-04 12:40:46 +0000	[1mPreprocessing_FastQ_to_BAM[22m	[32mINFO[0m	The Workflow is now finish
