0	2017-10-04 12:55:35 +0000	[1mPreprocessing_FastQ_to_BAM[22m	[32mINFO[0m	The Main workflow log is registered in  :  output/Logs
0	2017-10-04 12:55:35 +0000	[1mPreprocessing_FastQ_to_BAM[22m	[32mINFO[0m	The finished status of each steps is registered in :  output/FinishedSteps
0	2017-10-04 12:55:35 +0000	[1mPreprocessing_FastQ_to_BAM[22m	[32mINFO[0m	rbflow Version : dev version 0.9.0
0	2017-10-04 12:55:35 +0000	[1mPreprocessing_FastQ_to_BAM[22m	[32mINFO[0m	Creating the Workflow : [Preprocessing_FastQ_to_BAM]
0	2017-10-04 12:55:35 +0000	[1mPreprocessing_FastQ_to_BAM[22m	[32mINFO[0m	Create new Step : [bwa_mem_loop] using [BWA_MEM_CSV] Tool Module
0	2017-10-04 12:55:35 +0000	[1mPreprocessing_FastQ_to_BAM[22m	[32mINFO[0m	Init Rake Step  : [bwa_mem_loop] with [BWA_MEM_CSV] Tool Module
0	2017-10-04 12:55:35 +0000	[1mPreprocessing_FastQ_to_BAM[22m	[32mINFO[0m	Write Rake Step : [bwa_mem_loop] in [Preprocessing_FastQ_to_BAM_task_bwa_mem_loop.rb]
0	2017-10-04 12:55:35 +0000	[1mPreprocessing_FastQ_to_BAM[22m	[32mINFO[0m	Create new Step : [Picard_SortMergeSam] using [Picard2MultiInput] Tool Module
0	2017-10-04 12:55:35 +0000	[1mPreprocessing_FastQ_to_BAM[22m	[32mINFO[0m	Init Rake Step  : [Picard_SortMergeSam] with [Picard2MultiInput] Tool Module
0	2017-10-04 12:55:35 +0000	[1mPreprocessing_FastQ_to_BAM[22m	[32mINFO[0m	  - dependent from : bwa_mem_loop
0	2017-10-04 12:55:35 +0000	[1mPreprocessing_FastQ_to_BAM[22m	[32mINFO[0m	Write Rake Step : [Picard_SortMergeSam] in [Preprocessing_FastQ_to_BAM_task_Picard_SortMergeSam.rb]
0	2017-10-04 12:55:35 +0000	[1mPreprocessing_FastQ_to_BAM[22m	[32mINFO[0m	Create new Step : [picard_mark_duplicate] using [Picard2] Tool Module
0	2017-10-04 12:55:35 +0000	[1mPreprocessing_FastQ_to_BAM[22m	[32mINFO[0m	Init Rake Step  : [picard_mark_duplicate] with [Picard2] Tool Module
0	2017-10-04 12:55:35 +0000	[1mPreprocessing_FastQ_to_BAM[22m	[32mINFO[0m	  - dependent from : Picard_SortMergeSam
0	2017-10-04 12:55:35 +0000	[1mPreprocessing_FastQ_to_BAM[22m	[32mINFO[0m	Write Rake Step : [picard_mark_duplicate] in [Preprocessing_FastQ_to_BAM_task_picard_mark_duplicate.rb]
0	2017-10-04 12:55:35 +0000	[1mPreprocessing_FastQ_to_BAM[22m	[32mINFO[0m	Create new Step : [GATK_BaseRecalibrator] using [GATK_BaseRecalibrator_PrintReads] Tool Module
0	2017-10-04 12:55:35 +0000	[1mPreprocessing_FastQ_to_BAM[22m	[32mINFO[0m	Init Rake Step  : [GATK_BaseRecalibrator] with [GATK_BaseRecalibrator_PrintReads] Tool Module
0	2017-10-04 12:55:35 +0000	[1mPreprocessing_FastQ_to_BAM[22m	[32mINFO[0m	  - dependent from : picard_mark_duplicate
0	2017-10-04 12:55:35 +0000	[1mPreprocessing_FastQ_to_BAM[22m	[32mINFO[0m	Write Rake Step : [GATK_BaseRecalibrator] in [Preprocessing_FastQ_to_BAM_task_GATK_BaseRecalibrator.rb]
0	2017-10-04 12:55:35 +0000	[1mPreprocessing_FastQ_to_BAM[22m	[32mINFO[0m	Workflow Finalisation : Dependence tree built to get result(s) for step(s) : 
0	2017-10-04 12:55:35 +0000	[1mPreprocessing_FastQ_to_BAM[22m	[32mINFO[0m	  - final steps id: GATK_BaseRecalibrator
0	2017-10-04 12:55:35 +0000	[1mPreprocessing_FastQ_to_BAM[22m	[32mINFO[0m	Init Rake Step  : [default_dynamic] with [DefaultTask] Tool Module
0	2017-10-04 12:55:35 +0000	[1mPreprocessing_FastQ_to_BAM[22m	[32mINFO[0m	  - dependent from : GATK_BaseRecalibrator
0	2017-10-04 12:55:35 +0000	[1mPreprocessing_FastQ_to_BAM[22m	[32mINFO[0m	Write Rake Step : [default_dynamic] in [Preprocessing_FastQ_to_BAM_default_dynamic.rb]
0	2017-10-04 12:55:35 +0000	[1mPreprocessing_FastQ_to_BAM[22m	[32mINFO[0m	Init Rake Step  : [default] with [DefaultTaskStandAlone] Tool Module
0	2017-10-04 12:55:35 +0000	[1mPreprocessing_FastQ_to_BAM[22m	[32mINFO[0m	  - dependent from : GATK_BaseRecalibrator
0	2017-10-04 12:55:35 +0000	[1mPreprocessing_FastQ_to_BAM[22m	[32mINFO[0m	Write Rake Step : [default] in [Preprocessing_FastQ_to_BAM_default.rb]
0	2017-10-04 12:55:35 +0000	[1mPreprocessing_FastQ_to_BAM[22m	[32mINFO[0m	Workflow Finalisation : Copy libraries for a standalone usage of the rakefiles : /rbFlow/lib/rbFlow/log.rb
0	2017-10-04 12:55:35 +0000	[1mPreprocessing_FastQ_to_BAM[22m	[32mINFO[0m	Workflow Finalisation : Copy libraries for a standalone usage of the rakefiles : /rbFlow/lib/rbFlow/files_manager.rb
0	2017-10-04 12:55:35 +0000	[1mPreprocessing_FastQ_to_BAM[22m	[32mINFO[0m	Workflow Finalisation : Copy libraries for a standalone usage of the rakefiles : /rbFlow/lib/rbFlow/command.rb
0	2017-10-04 12:55:35 +0000	[1mPreprocessing_FastQ_to_BAM[22m	[32mINFO[0m	-----| Starting the Workflow : [Preprocessing_FastQ_to_BAM] |-----
0	2017-10-04 12:55:35 +0000	[1mbwa_mem_loop[22m	[32mINFO[0m	BWA-mem_csv START:  Start|1507121735
0	2017-10-04 12:55:35 +0000	[1mbwa_mem_loop[22m	[32mINFO[0m	Checked by /Workflow//output/FinishedSteps/check_Preprocessing_FastQ_to_BAM-bwa_mem_loop.passed -> Skip
0	2017-10-04 12:55:35 +0000	[1mPicard_SortMergeSam[22m	[32mINFO[0m	picard sorting START:  Start|1507121735
0	2017-10-04 12:55:35 +0000	[1mPicard_SortMergeSam[22m	[32mINFO[0m	Checked by /Workflow//output/FinishedSteps/check_Preprocessing_FastQ_to_BAM-Picard_SortMergeSam.passed -> Skip
0	2017-10-04 12:55:35 +0000	[1mpicard_mark_duplicate[22m	[32mINFO[0m	picard mark duplicate and merge lanes START:  Start|1507121735
0	2017-10-04 12:55:35 +0000	[1mpicard_mark_duplicate[22m	[32mINFO[0m	Checked by /Workflow//output/FinishedSteps/check_Preprocessing_FastQ_to_BAM-picard_mark_duplicate.passed -> Skip
0	2017-10-04 12:55:35 +0000	[1mGATK_BaseRecalibrator[22m	[32mINFO[0m	GATK Fix Mate Base Recalibration START:  Start|1507121735
0	2017-10-04 12:55:35 +0000	[1mGATK_BaseRecalibrator[22m	[32mINFO[0m	Checked by /Workflow//output/FinishedSteps/check_Preprocessing_FastQ_to_BAM-GATK_BaseRecalibrator.passed -> Skip
0	2017-10-04 12:55:35 +0000	[1mPreprocessing_FastQ_to_BAM[22m	[32mINFO[0m	The Workflow is now finish
