INFO  12:35:47,145 HelpFormatter - -------------------------------------------------------------------------------- 
INFO  12:35:47,148 HelpFormatter - The Genome Analysis Toolkit (GATK) v3.7-0-gcfedb67, Compiled 2016/12/12 11:21:18 
INFO  12:35:47,148 HelpFormatter - Copyright (c) 2010-2016 The Broad Institute 
INFO  12:35:47,149 HelpFormatter - For support and documentation go to https://software.broadinstitute.org/gatk 
INFO  12:35:47,149 HelpFormatter - [Wed Oct 04 12:35:47 GMT 2017] Executing on Linux 4.10.0-35-generic amd64 
INFO  12:35:47,149 HelpFormatter - Java HotSpot(TM) 64-Bit Server VM 1.8.0_144-b01 
INFO  12:35:47,153 HelpFormatter - Program Args: -T BaseRecalibrator -nct 10 -R references//human_g1k_v37_decoy.fasta -I output/03_markdup/SAMPLE1_1_FlowCellX_map_sorted_markdup.bam -o /Workflow//output/04_gatk_recal/SAMPLE1_1_FlowCellX_map_sorted_markdup_recalib.grp -knownSites references/1000g.vcf -knownSites references/Mills_and_1000G_gold_standard.indels.b37.vcf -knownSites references/dbsnp.vcf -cov ContextCovariate -cov CycleCovariate -L references/hg19_interval_list.bed 
INFO  12:35:47,157 HelpFormatter - Executing as root@fdf64c1ec946 on Linux 4.10.0-35-generic amd64; Java HotSpot(TM) 64-Bit Server VM 1.8.0_144-b01. 
INFO  12:35:47,157 HelpFormatter - Date/Time: 2017/10/04 12:35:47 
INFO  12:35:47,157 HelpFormatter - -------------------------------------------------------------------------------- 
INFO  12:35:47,158 HelpFormatter - -------------------------------------------------------------------------------- 
INFO  12:35:47,170 GenomeAnalysisEngine - Strictness is SILENT 
INFO  12:35:47,248 GenomeAnalysisEngine - Downsampling Settings: No downsampling 
INFO  12:35:47,253 SAMDataSource$SAMReaders - Initializing SAMRecords in serial 
INFO  12:35:47,276 SAMDataSource$SAMReaders - Done initializing BAM readers: total time 0.02 
INFO  12:35:54,327 IntervalUtils - Processing 54098923 bp from intervals 
INFO  12:35:54,338 MicroScheduler - Running the GATK in parallel mode with 10 total threads, 10 CPU thread(s) for each of 1 data thread(s), of 4 processors available on this machine 
WARN  12:35:54,338 MicroScheduler - Number of requested GATK threads 10 is more than the number of available processors on this machine 4 
INFO  12:35:54,386 GenomeAnalysisEngine - Preparing for traversal over 1 BAM files 
INFO  12:35:54,507 GenomeAnalysisEngine - Done preparing for traversal 
INFO  12:35:54,507 ProgressMeter - [INITIALIZATION COMPLETE; STARTING PROCESSING] 
INFO  12:35:54,507 ProgressMeter -                 | processed |    time |    per 1M |           |   total | remaining 
INFO  12:35:54,508 ProgressMeter -        Location |     reads | elapsed |     reads | completed | runtime |   runtime 
INFO  12:35:54,530 BaseRecalibrator - The covariates being used here:  
INFO  12:35:54,531 BaseRecalibrator - 	ReadGroupCovariate 
INFO  12:35:54,531 BaseRecalibrator - 	QualityScoreCovariate 
INFO  12:35:54,531 BaseRecalibrator - 	ContextCovariate 
INFO  12:35:54,531 ContextCovariate - 		Context sizes: base substitution model 2, indel substitution model 3 
INFO  12:35:54,531 BaseRecalibrator - 	CycleCovariate 
INFO  12:35:54,533 ReadShardBalancer$1 - Loading BAM index data 
INFO  12:35:55,202 ReadShardBalancer$1 - Done loading BAM index data 
INFO  12:35:55,393 ReadShardBalancer$1 - Loading BAM index data 
INFO  12:35:55,630 ReadShardBalancer$1 - Done loading BAM index data 
INFO  12:36:23,720 ReadShardBalancer$1 - Loading BAM index data 
INFO  12:36:23,938 ReadShardBalancer$1 - Done loading BAM index data 
INFO  12:36:24,526 ProgressMeter -      1:19480436         0.0    30.0 s      49.6 w        1.2%    40.4 m      39.9 m 
INFO  12:36:52,285 ReadShardBalancer$1 - Loading BAM index data 
INFO  12:36:52,372 ReadShardBalancer$1 - Done loading BAM index data 
INFO  12:36:54,529 ProgressMeter -      2:20182477        28.0    60.0 s       3.5 w       10.2%     9.8 m       8.8 m 
INFO  12:37:16,263 ReadShardBalancer$1 - Loading BAM index data 
INFO  12:37:16,340 ReadShardBalancer$1 - Done loading BAM index data 
INFO  12:37:24,533 ProgressMeter -       3:8574482        46.0    90.0 s       3.2 w       17.5%     8.6 m       7.1 m 
INFO  12:37:39,034 ReadShardBalancer$1 - Loading BAM index data 
INFO  12:37:39,161 ReadShardBalancer$1 - Done loading BAM index data 
INFO  12:37:52,389 ReadShardBalancer$1 - Loading BAM index data 
INFO  12:37:52,460 ReadShardBalancer$1 - Done loading BAM index data 
INFO  12:37:54,544 ProgressMeter -      5:77397434        82.0   120.0 s      16.9 d       28.7%     7.0 m       5.0 m 
INFO  12:38:09,057 ReadShardBalancer$1 - Loading BAM index data 
INFO  12:38:09,135 ReadShardBalancer$1 - Done loading BAM index data 
INFO  12:38:20,290 ReadShardBalancer$1 - Loading BAM index data 
INFO  12:38:20,348 ReadShardBalancer$1 - Done loading BAM index data 
INFO  12:38:22,779 ReadShardBalancer$1 - Loading BAM index data 
INFO  12:38:22,871 ReadShardBalancer$1 - Done loading BAM index data 
INFO  12:38:24,546 ProgressMeter -      8:10782197       118.0     2.5 m      14.7 d       41.8%     6.0 m       3.5 m 
INFO  12:38:32,747 ReadShardBalancer$1 - Loading BAM index data 
INFO  12:38:32,854 ReadShardBalancer$1 - Done loading BAM index data 
INFO  12:38:52,033 ReadShardBalancer$1 - Loading BAM index data 
INFO  12:38:52,137 ReadShardBalancer$1 - Done loading BAM index data 
INFO  12:38:54,547 ProgressMeter -       10:323201       132.0     3.0 m      15.8 d       49.0%     6.1 m       3.1 m 
INFO  12:39:08,348 ReadShardBalancer$1 - Loading BAM index data 
INFO  12:39:08,377 ReadShardBalancer$1 - Done loading BAM index data 
INFO  12:39:24,548 ProgressMeter -      11:1095822       144.0     3.5 m      16.9 d       53.2%     6.6 m       3.1 m 
INFO  12:39:24,749 ReadShardBalancer$1 - Loading BAM index data 
INFO  12:39:24,812 ReadShardBalancer$1 - Done loading BAM index data 
INFO  12:39:32,221 ReadShardBalancer$1 - Loading BAM index data 
INFO  12:39:32,322 ReadShardBalancer$1 - Done loading BAM index data 
INFO  12:39:43,802 ReadShardBalancer$1 - Loading BAM index data 
INFO  12:39:43,868 ReadShardBalancer$1 - Done loading BAM index data 
INFO  12:39:50,792 ReadShardBalancer$1 - Loading BAM index data 
INFO  12:39:50,929 ReadShardBalancer$1 - Done loading BAM index data 
INFO  12:39:54,555 ProgressMeter -     15:23060880       194.0     4.0 m      14.3 d       69.5%     5.8 m     105.0 s 
INFO  12:40:02,116 ReadShardBalancer$1 - Loading BAM index data 
INFO  12:40:02,151 ReadShardBalancer$1 - Done loading BAM index data 
INFO  12:40:02,165 ReadShardBalancer$1 - Loading BAM index data 
INFO  12:40:02,341 ReadShardBalancer$1 - Done loading BAM index data 
INFO  12:40:08,379 ReadShardBalancer$1 - Loading BAM index data 
INFO  12:40:08,418 ReadShardBalancer$1 - Done loading BAM index data 
INFO  12:40:15,784 ReadShardBalancer$1 - Loading BAM index data 
INFO  12:40:15,806 ReadShardBalancer$1 - Done loading BAM index data 
INFO  12:40:15,811 ReadShardBalancer$1 - Loading BAM index data 
INFO  12:40:15,858 ReadShardBalancer$1 - Done loading BAM index data 
INFO  12:40:21,226 ReadShardBalancer$1 - Loading BAM index data 
INFO  12:40:21,304 ReadShardBalancer$1 - Done loading BAM index data 
INFO  12:40:24,409 ReadShardBalancer$1 - Loading BAM index data 
INFO  12:40:24,410 ReadShardBalancer$1 - Done loading BAM index data 
INFO  12:40:24,557 ProgressMeter -     22:19223546       247.0     4.5 m      12.7 d       94.0%     4.8 m      17.0 s 
INFO  12:40:37,422 BaseRecalibrator - Calculating quantized quality scores... 
INFO  12:40:37,442 BaseRecalibrator - Writing recalibration report... 
INFO  12:40:38,110 BaseRecalibrator - ...done! 
INFO  12:40:38,110 BaseRecalibrator - BaseRecalibrator was able to recalibrate 268 reads 
INFO  12:40:38,112 ProgressMeter -            done       268.0     4.7 m      12.2 d       96.1%     4.9 m      11.0 s 
INFO  12:40:38,113 ProgressMeter - Total runtime 283.61 secs, 4.73 min, 0.08 hours 
INFO  12:40:38,113 MicroScheduler - 768 reads were filtered out during the traversal out of approximately 1036 total reads (74.13%) 
INFO  12:40:38,113 MicroScheduler -   -> 0 reads (0.00% of total) failing BadCigarFilter 
INFO  12:40:38,113 MicroScheduler -   -> 762 reads (73.55% of total) failing DuplicateReadFilter 
INFO  12:40:38,117 MicroScheduler -   -> 0 reads (0.00% of total) failing FailsVendorQualityCheckFilter 
INFO  12:40:38,117 MicroScheduler -   -> 0 reads (0.00% of total) failing MalformedReadFilter 
INFO  12:40:38,117 MicroScheduler -   -> 0 reads (0.00% of total) failing MappingQualityUnavailableFilter 
INFO  12:40:38,117 MicroScheduler -   -> 6 reads (0.58% of total) failing MappingQualityZeroFilter 
INFO  12:40:38,117 MicroScheduler -   -> 0 reads (0.00% of total) failing NotPrimaryAlignmentFilter 
INFO  12:40:38,118 MicroScheduler -   -> 0 reads (0.00% of total) failing UnmappedReadFilter 
------------------------------------------------------------------------------------------
Done. ------------------------------------------------------------------------------------------
