12:35:42.552 INFO  NativeLibraryLoader - Loading libgkl_compression.so from jar:file:/Jar/picard.jar!/com/intel/gkl/native/libgkl_compression.so
[Wed Oct 04 12:35:42 GMT 2017] MarkDuplicates MAX_FILE_HANDLES_FOR_READ_ENDS_MAP=1000 INPUT=[output/02_bamsorted/SAMPLE1_1_FlowCellX_map_sorted.bam] OUTPUT=output/03_markdup/SAMPLE1_1_FlowCellX_map_sorted_markdup.bam METRICS_FILE=samples.metrics VALIDATION_STRINGENCY=LENIENT CREATE_INDEX=true    MAX_SEQUENCES_FOR_DISK_READ_ENDS_MAP=50000 SORTING_COLLECTION_SIZE_RATIO=0.25 TAG_DUPLICATE_SET_MEMBERS=false REMOVE_SEQUENCING_DUPLICATES=false TAGGING_POLICY=DontTag CLEAR_DT=true REMOVE_DUPLICATES=false ASSUME_SORTED=false DUPLICATE_SCORING_STRATEGY=SUM_OF_BASE_QUALITIES PROGRAM_RECORD_ID=MarkDuplicates PROGRAM_GROUP_NAME=MarkDuplicates READ_NAME_REGEX=<optimized capture of last three ':' separated fields as numeric values> OPTICAL_DUPLICATE_PIXEL_DISTANCE=100 MAX_OPTICAL_DUPLICATE_SET_SIZE=300000 ADD_PG_TAG_TO_READS=true VERBOSITY=INFO QUIET=false COMPRESSION_LEVEL=5 MAX_RECORDS_IN_RAM=500000 CREATE_MD5_FILE=false GA4GH_CLIENT_SECRETS=client_secrets.json USE_JDK_DEFLATER=false USE_JDK_INFLATER=false
[Wed Oct 04 12:35:42 GMT 2017] Executing as root@fdf64c1ec946 on Linux 4.10.0-35-generic amd64; Java HotSpot(TM) 64-Bit Server VM 1.8.0_144-b01; Deflater: Intel; Inflater: Intel; Picard version: 2.12.1-SNAPSHOT
INFO	2017-10-04 12:35:42	MarkDuplicates	Start of doWork freeMemory: 241523288; totalMemory: 251658240; maxMemory: 14316732416
INFO	2017-10-04 12:35:42	MarkDuplicates	Reading input file and constructing read end information.
INFO	2017-10-04 12:35:42	MarkDuplicates	Will retain up to 51872218 data points before spilling to disk.
INFO	2017-10-04 12:35:43	MarkDuplicates	Read 40042 records. 0 pairs never matched.
INFO	2017-10-04 12:35:43	MarkDuplicates	After buildSortedReadEndLists freeMemory: 242849568; totalMemory: 666894336; maxMemory: 14316732416
INFO	2017-10-04 12:35:43	MarkDuplicates	Will retain up to 447397888 duplicate indices before spilling to disk.
INFO	2017-10-04 12:35:44	MarkDuplicates	Traversing read pair information and detecting duplicates.
INFO	2017-10-04 12:35:44	MarkDuplicates	Traversing fragment information and detecting duplicates.
INFO	2017-10-04 12:35:44	MarkDuplicates	Sorting list of duplicate records.
INFO	2017-10-04 12:35:44	MarkDuplicates	After generateDuplicateIndexes freeMemory: 727106848; totalMemory: 4312268800; maxMemory: 14316732416
INFO	2017-10-04 12:35:44	MarkDuplicates	Marking 29936 records as duplicates.
INFO	2017-10-04 12:35:44	MarkDuplicates	Found 7348 optical duplicate clusters.
INFO	2017-10-04 12:35:44	MarkDuplicates	Reads are assumed to be ordered by: coordinate
INFO	2017-10-04 12:35:45	MarkDuplicates	Before output close freeMemory: 4305270136; totalMemory: 4312268800; maxMemory: 14316732416
INFO	2017-10-04 12:35:45	MarkDuplicates	After output close freeMemory: 4305425664; totalMemory: 4312268800; maxMemory: 14316732416
[Wed Oct 04 12:35:45 GMT 2017] picard.sam.markduplicates.MarkDuplicates done. Elapsed time: 0.05 minutes.
Runtime.totalMemory()=4312268800
